<?xml version="1.0" encoding="UTF-8"?>
<testsuite name="lesson3.permissingelem.PermMissingElemTestSuite" tests="1" skipped="0" failures="0" errors="0" timestamp="2020-05-11T20:22:33" hostname="DESKTOP-DO9J0JQ" time="0.001">
  <properties/>
  <testcase name="test1" classname="lesson3.permissingelem.PermMissingElemTestSuite" time="0.001"/>
  <system-out><![CDATA[]]></system-out>
  <system-err><![CDATA[]]></system-err>
</testsuite>
